<?xml version="1.0" encoding="UTF-8"?>
<testsuite name="EjercicioTragamonedas.TragamonedasTest" tests="4" skipped="0" failures="0" errors="0" timestamp="2019-08-12T20:33:04" hostname="AR0FVFYM0YYHV2J" time="0.004">
  <properties/>
  <testcase name="girarTambor" classname="EjercicioTragamonedas.TragamonedasTest" time="0.002"/>
  <testcase name="ganarTragamonedas" classname="EjercicioTragamonedas.TragamonedasTest" time="0.001"/>
  <testcase name="CrearTragaMonedasYTambores" classname="EjercicioTragamonedas.TragamonedasTest" time="0.0"/>
  <testcase name="activarTragaMonedas" classname="EjercicioTragamonedas.TragamonedasTest" time="0.0"/>
  <system-out><![CDATA[7
1
1
1
1
1
1
1
1
5
6
6
]]></system-out>
  <system-err><![CDATA[]]></system-err>
</testsuite>
