<?xml version="1.0" encoding="UTF-8"?>
<testsuite name="myPackage.CerraduraTest" tests="6" skipped="0" failures="0" errors="0" timestamp="2019-08-12T20:33:04" hostname="AR0FVFYM0YYHV2J" time="0.002">
  <properties/>
  <testcase name="crearCerraduraConOtraClaveNumericaYLaGuarde" classname="myPackage.CerraduraTest" time="0.0"/>
  <testcase name="crearCerraduraConClaveNumericaYLaGuarde" classname="myPackage.CerraduraTest" time="0.0"/>
  <testcase name="crearCerradura" classname="myPackage.CerraduraTest" time="0.0"/>
  <testcase name="abrirCerraduraConClaveError" classname="myPackage.CerraduraTest" time="0.0"/>
  <testcase name="abrirCerraduraConClaveExito" classname="myPackage.CerraduraTest" time="0.0"/>
  <testcase name="crearCerraduraConClaveNumerica" classname="myPackage.CerraduraTest" time="0.0"/>
  <system-out><![CDATA[]]></system-out>
  <system-err><![CDATA[]]></system-err>
</testsuite>
